\BOOKMARK [1][-]{section.1}{\376\377\000U\000v\000o\000d}{}% 1
\BOOKMARK [1][-]{section.2}{\376\377\000I\000s\000t\000o\000r\000i\000j\000a\000t}{}% 2
\BOOKMARK [1][-]{section.3}{\376\377\000K\000o\000\040\000s\000u\000\040\000h\000a\000k\000e\000r\000i\000?}{}% 3
\BOOKMARK [2][-]{subsection.3.1}{\376\377\000W\000h\000i\000t\000e\000\040\000h\000a\000t}{section.3}% 4
\BOOKMARK [2][-]{subsection.3.2}{\376\377\000B\000l\000a\000c\000k\000\040\000h\000a\000t}{section.3}% 5
\BOOKMARK [2][-]{subsection.3.3}{\376\377\000G\000r\000e\000y\000\040\000h\000a\000t}{section.3}% 6
\BOOKMARK [2][-]{subsection.3.4}{\376\377\000S\000c\000r\000i\000p\000t\000\040\000K\000i\000d\000d\000i\000e}{section.3}% 7
\BOOKMARK [1][-]{section.4}{\376\377\000N\000a\000j\000p\000o\000z\000n\000a\000t\000i\000j\000i\000\040\000h\000a\000k\000e\000r\000i}{}% 8
\BOOKMARK [2][-]{subsection.4.1}{\376\377\000A\000n\000o\000n\000y\000m\000o\000u\000s}{section.4}% 9
\BOOKMARK [2][-]{subsection.4.2}{\376\377\000A\000d\000r\000i\000a\000n\000\040\000L\000a\000m\000o}{section.4}% 10
\BOOKMARK [2][-]{subsection.4.3}{\376\377\000A\000l\000b\000e\000r\000t\000\040\000G\000o\000n\000z\000a\000l\000e\000s}{section.4}% 11
\BOOKMARK [2][-]{subsection.4.4}{\376\377\000J\000e\000a\000n\000s\000o\000n\000\040\000J\000a\000m\000e\000s\000\040\000A\000n\000c\000h\000e\000t\000a}{section.4}% 12
\BOOKMARK [2][-]{subsection.4.5}{\376\377\000M\000i\000c\000h\000a\000e\000l\000\040\000C\000a\000l\000c\000e}{section.4}% 13
\BOOKMARK [2][-]{subsection.4.6}{\376\377\000A\000s\000t\000r\000a}{section.4}% 14
\BOOKMARK [1][-]{section.5}{\376\377\000K\000a\000z\000n\000e\000\040\000z\000a\000\040\000h\000a\000k\000e\000r\000e}{}% 15
\BOOKMARK [2][-]{subsection.5.1}{\376\377\001\014\000l\000a\000n\000\040\0003\0000\0002\000:\000\040\000N\000e\000o\000v\000l\000a\001\141\001\007\000e\000n\000i\000\040\000p\000r\000i\000s\000t\000u\000p\000\040\000z\000a\001\141\000t\000i\001\007\000e\000n\000o\000m\000\040\000r\000a\001\015\000u\000n\000a\000r\000u\000,\000r\000a\001\015\000u\000n\000a\000r\000s\000k\000o\000j\000\040\000m\000r\000e\001\176\000i\000\040\000i\000l\000i\000\040\000e\000l\000e\000k\000t\000r\000o\000n\000s\000k\000o\000j\000\040\000o\000b\000r\000a\000d\000i\000\040\000p\000o\000d\000a\000t\000a\000k\000a}{section.5}% 16
\BOOKMARK [2][-]{subsection.5.2}{\376\377\001\014\000l\000a\000n\000\040\0003\0000\0003\000:\000\040\000S\000p\000r\000e\001\015\000a\000v\000a\000n\000j\000e\000\040\000i\000\040\000o\000g\000r\000a\000n\000i\001\015\000a\000v\000a\000n\000j\000e\000\040\000p\000r\000i\000s\000t\000u\000p\000a\000\040\000j\000a\000v\000n\000o\000j\000\040\000r\000a\001\015\000u\000n\000a\000r\000s\000k\000o\000j\000\040\000m\000r\000e\001\176\000i}{section.5}% 17
\BOOKMARK [2][-]{subsection.5.3}{\376\377\001\014\000l\000a\000n\000\040\0003\0000\0004\000:\000\040\000N\000e\000o\000v\000l\000a\001\141\001\007\000e\000n\000o\000\040\000k\000o\000r\000i\001\141\001\007\000e\000n\000j\000e\000\040\000r\000a\001\015\000u\000n\000a\000r\000a\000\040\000i\000l\000i\000\040\000r\000a\001\015\000u\000n\000a\000r\000s\000k\000e\000\040\000m\000r\000e\001\176\000e}{section.5}% 18
\BOOKMARK [1][-]{section.6}{\376\377\000Z\000a\000k\000l\000j\000u\001\015\000a\000k}{}% 19
\BOOKMARK [1][-]{section.6}{\376\377\000L\000i\000t\000e\000r\000a\000t\000u\000r\000a}{}% 20
